<?xml version="1.0" encoding="UTF-8"?>
<!-- Generated by org.testng.reporters.JUnitReportReporter -->
<testsuite skipped="0" hostname="DESKTOP-QVTBD1U" name="Selenium.SeleniumTesting.Demo" tests="1" failures="0" timestamp="10 May 2018 19:50:15 GMT" time="0.013" errors="0">
  <testcase name="acountAmount" time="0.013" classname="Selenium.SeleniumTesting.Demo"/>
</testsuite> <!-- Selenium.SeleniumTesting.Demo -->
